{"level":"info","message":"🗣️ Captured Speech: No speech detected"}
{"level":"info","message":"🗣️ Captured Speech: Tetra Michael Smith."}
{"level":"info","message":"🗣️ Captured Speech: No speech detected"}
{"level":"info","message":"🗣️ Captured Speech: Dr. Smith"}
{"level":"info","message":"🗣️ Captured Speech: No speech detected"}
{"level":"info","message":"🗣️ Captured Speech: Dr. Smith"}
{"level":"info","message":"🗣️ Captured Speech: No speech detected"}
{"level":"info","message":"🗣️ Captured Speech: No speech detected"}
{"level":"info","message":"📝 Twilio Request Payload: {\n  \"Called\": \"+17755045641\",\n  \"ToState\": \"NV\",\n  \"CallerCountry\": \"CA\",\n  \"Direction\": \"inbound\",\n  \"CallerState\": \"Ontario\",\n  \"ToZip\": \"\",\n  \"CallSid\": \"CA12b0df3fbee1c6c3908be1906c1288df\",\n  \"To\": \"+17755045641\",\n  \"CallerZip\": \"\",\n  \"ToCountry\": \"US\",\n  \"StirVerstat\": \"TN-Validation-Passed-C\",\n  \"CallToken\": \"%7B%22parentCallInfoToken%22%3A%22eyJhbGciOiJFUzI1NiJ9.eyJjYWxsU2lkIjoiQ0ExMmIwZGYzZmJlZTFjNmMzOTA4YmUxOTA2YzEyODhkZiIsImZyb20iOiIrMTQzNzMxODU1ODkiLCJ0byI6IisxNzc1NTA0NTY0MSIsImlhdCI6IjE3NDcwMTQ0NTcifQ.3DkSm_rE79sqA4km8OMvcHQ2ohehqsz6I1cezmlbGlmUXaKx44ZPg9mUDZTRKZGBf47XkvlGkvuZQgS__x4ztA%22%2C%22identityHeaderTokens%22%3A%5B%5D%7D\",\n  \"CalledZip\": \"\",\n  \"ApiVersion\": \"2010-04-01\",\n  \"CalledCity\": \"\",\n  \"CallStatus\": \"ringing\",\n  \"From\": \"+14373185589\",\n  \"AccountSid\": \"AC520827317a176e1fbab7fa02ba58cf31\",\n  \"CalledCountry\": \"US\",\n  \"CallerCity\": \"Toronto\",\n  \"ToCity\": \"\",\n  \"FromCountry\": \"CA\",\n  \"Caller\": \"+14373185589\",\n  \"FromCity\": \"Toronto\",\n  \"CalledState\": \"NV\",\n  \"FromZip\": \"\",\n  \"FromState\": \"Ontario\"\n}"}
{"level":"info","message":"🗣️ Captured Speech: No speech detected"}
{"level":"info","message":"📝 Twilio Request Payload: {\n  \"Called\": \"+17755045641\",\n  \"ToState\": \"NV\",\n  \"CallerCountry\": \"CA\",\n  \"Direction\": \"inbound\",\n  \"CallerState\": \"Ontario\",\n  \"ToZip\": \"\",\n  \"CallSid\": \"CA066c4071366c97e43c4636e9925edb07\",\n  \"To\": \"+17755045641\",\n  \"CallerZip\": \"\",\n  \"ToCountry\": \"US\",\n  \"StirVerstat\": \"TN-Validation-Passed-C\",\n  \"CallToken\": \"%7B%22parentCallInfoToken%22%3A%22eyJhbGciOiJFUzI1NiJ9.eyJjYWxsU2lkIjoiQ0EwNjZjNDA3MTM2NmM5N2U0M2M0NjM2ZTk5MjVlZGIwNyIsImZyb20iOiIrMTQzNzMxODU1ODkiLCJ0byI6IisxNzc1NTA0NTY0MSIsImlhdCI6IjE3NDcwMTQ2NDgifQ.9mlKtjPL_yHBVtN8dYNcWlSrR77r66bEfdId5G_1lY3cmZixZwJ4-5pCcTsDqoF1OZbbsuKeToLyAwE0rN0A_w%22%2C%22identityHeaderTokens%22%3A%5B%5D%7D\",\n  \"CalledZip\": \"\",\n  \"ApiVersion\": \"2010-04-01\",\n  \"CalledCity\": \"\",\n  \"CallStatus\": \"ringing\",\n  \"From\": \"+14373185589\",\n  \"AccountSid\": \"AC520827317a176e1fbab7fa02ba58cf31\",\n  \"CalledCountry\": \"US\",\n  \"CallerCity\": \"Toronto\",\n  \"ToCity\": \"\",\n  \"FromCountry\": \"CA\",\n  \"Caller\": \"+14373185589\",\n  \"FromCity\": \"Toronto\",\n  \"CalledState\": \"NV\",\n  \"FromZip\": \"\",\n  \"FromState\": \"Ontario\"\n}"}
{"level":"info","message":"🗣️ Captured Speech: No speech detected"}
{"level":"info","message":"📝 Twilio Request Payload: {\n  \"Called\": \"+17755045641\",\n  \"ToState\": \"NV\",\n  \"CallerCountry\": \"CA\",\n  \"Direction\": \"inbound\",\n  \"CallerState\": \"Ontario\",\n  \"ToZip\": \"\",\n  \"CallSid\": \"CA8d6e5837959ff3dfe6ad92ef7a0d4159\",\n  \"To\": \"+17755045641\",\n  \"CallerZip\": \"\",\n  \"ToCountry\": \"US\",\n  \"StirVerstat\": \"TN-Validation-Passed-C\",\n  \"CallToken\": \"%7B%22parentCallInfoToken%22%3A%22eyJhbGciOiJFUzI1NiJ9.eyJjYWxsU2lkIjoiQ0E4ZDZlNTgzNzk1OWZmM2RmZTZhZDkyZWY3YTBkNDE1OSIsImZyb20iOiIrMTQzNzMxODU1ODkiLCJ0byI6IisxNzc1NTA0NTY0MSIsImlhdCI6IjE3NDcwMTQ5OTUifQ.5_iRJ63yxH4onYrfstHmYNDAMOqtPDZcUQRvRAOTfNgaAA5ZC86y3Xii_U4a2pw7vip_RxDNhBTg8VTcrZzOGw%22%2C%22identityHeaderTokens%22%3A%5B%5D%7D\",\n  \"CalledZip\": \"\",\n  \"ApiVersion\": \"2010-04-01\",\n  \"CalledCity\": \"\",\n  \"CallStatus\": \"ringing\",\n  \"From\": \"+14373185589\",\n  \"AccountSid\": \"AC520827317a176e1fbab7fa02ba58cf31\",\n  \"CalledCountry\": \"US\",\n  \"CallerCity\": \"Toronto\",\n  \"ToCity\": \"\",\n  \"FromCountry\": \"CA\",\n  \"Caller\": \"+14373185589\",\n  \"FromCity\": \"Toronto\",\n  \"CalledState\": \"NV\",\n  \"FromZip\": \"\",\n  \"FromState\": \"Ontario\"\n}"}
{"level":"info","message":"🗣️ Captured Speech: No speech detected"}
{"level":"info","message":"📝 Twilio Request Payload: {\n  \"Called\": \"+17755045641\",\n  \"ToState\": \"NV\",\n  \"CallerCountry\": \"CA\",\n  \"Direction\": \"inbound\",\n  \"CallerState\": \"Ontario\",\n  \"ToZip\": \"\",\n  \"CallSid\": \"CAcdfb06b599f24ff8e58aa587c152e929\",\n  \"To\": \"+17755045641\",\n  \"CallerZip\": \"\",\n  \"ToCountry\": \"US\",\n  \"StirVerstat\": \"TN-Validation-Passed-C\",\n  \"CallToken\": \"%7B%22parentCallInfoToken%22%3A%22eyJhbGciOiJFUzI1NiJ9.eyJjYWxsU2lkIjoiQ0FjZGZiMDZiNTk5ZjI0ZmY4ZTU4YWE1ODdjMTUyZTkyOSIsImZyb20iOiIrMTQzNzMxODU1ODkiLCJ0byI6IisxNzc1NTA0NTY0MSIsImlhdCI6IjE3NDcwODY3NTgifQ.eikvMZgC0HJtj8zM0XO0EIwhZt5L7bEecsI1MDAJmKtq1ngZyb-nnTeeafM3opzZWV4UiYOjxtBF3ZvM2s5k-g%22%2C%22identityHeaderTokens%22%3A%5B%5D%7D\",\n  \"CalledZip\": \"\",\n  \"ApiVersion\": \"2010-04-01\",\n  \"CalledCity\": \"\",\n  \"CallStatus\": \"ringing\",\n  \"From\": \"+14373185589\",\n  \"AccountSid\": \"AC520827317a176e1fbab7fa02ba58cf31\",\n  \"CalledCountry\": \"US\",\n  \"CallerCity\": \"Toronto\",\n  \"ToCity\": \"\",\n  \"FromCountry\": \"CA\",\n  \"Caller\": \"+14373185589\",\n  \"FromCity\": \"Toronto\",\n  \"CalledState\": \"NV\",\n  \"FromZip\": \"\",\n  \"FromState\": \"Ontario\"\n}"}
{"level":"info","message":"🗣️ Captured Speech: No speech detected"}
{"level":"info","message":"📝 Twilio Request Payload: {\n  \"Called\": \"+17755045641\",\n  \"ToState\": \"NV\",\n  \"CallerCountry\": \"CA\",\n  \"Direction\": \"inbound\",\n  \"CallerState\": \"Ontario\",\n  \"ToZip\": \"\",\n  \"CallSid\": \"CA59560e7b43f9f9a95a35f260554d6f50\",\n  \"To\": \"+17755045641\",\n  \"CallerZip\": \"\",\n  \"ToCountry\": \"US\",\n  \"StirVerstat\": \"TN-Validation-Passed-C\",\n  \"CallToken\": \"%7B%22parentCallInfoToken%22%3A%22eyJhbGciOiJFUzI1NiJ9.eyJjYWxsU2lkIjoiQ0E1OTU2MGU3YjQzZjlmOWE5NWEzNWYyNjA1NTRkNmY1MCIsImZyb20iOiIrMTQzNzMxODU1ODkiLCJ0byI6IisxNzc1NTA0NTY0MSIsImlhdCI6IjE3NDcwOTIxNTkifQ.dG3THV0MJbGMGW6LcGO1vGPfV-XL8yYqhQcvZ5mzZqTzhczS38ETm7PRKjWsMPA3mXnbLG77QQV7yf6Ek61eIA%22%2C%22identityHeaderTokens%22%3A%5B%5D%7D\",\n  \"CalledZip\": \"\",\n  \"ApiVersion\": \"2010-04-01\",\n  \"CalledCity\": \"\",\n  \"CallStatus\": \"ringing\",\n  \"From\": \"+14373185589\",\n  \"AccountSid\": \"AC520827317a176e1fbab7fa02ba58cf31\",\n  \"CalledCountry\": \"US\",\n  \"CallerCity\": \"Toronto\",\n  \"ToCity\": \"\",\n  \"FromCountry\": \"CA\",\n  \"Caller\": \"+14373185589\",\n  \"FromCity\": \"Toronto\",\n  \"CalledState\": \"NV\",\n  \"FromZip\": \"\",\n  \"FromState\": \"Ontario\"\n}"}
{"level":"info","message":"🗣️ Captured Speech: No speech detected"}
{"level":"info","message":"🧹 Cleared previous session data"}
{"level":"info","message":"🗣️ Doctor Name Captured: Circus Smith."}
{"level":"info","message":"📝 Stored doctor name in session: Circus Smith."}
{"level":"info","message":"🗣️ Appointment Time Captured: next Tuesday, 2 p.m."}
{"level":"info","message":"📝 Using doctor from session: Circus Smith."}
{"level":"error","message":"❌ Error booking appointment: Cannot read properties of undefined (reading 'status')"}
{"level":"info","message":"🧹 Cleared previous session data"}
{"level":"info","message":"🗣️ Doctor Name Captured: Becca Smith."}
{"level":"info","message":"📝 Stored doctor name: Becca Smith. for 14373185589"}
{"level":"info","message":"🗣️ Appointment Time Captured: next Friday, 2 p.m."}
{"level":"info","message":"📝 Processing appointment for Dr. Becca Smith. with 14373185589"}
{"level":"error","message":"❌ Voice Appointment Error: Appointment validation failed: patientId: Cast to ObjectId failed for value \"temp-14373185589-95422e9c\" (type string) at path \"patientId\" because of \"BSONError\""}
{"level":"info","message":"🧹 Cleared previous session data"}
{"level":"info","message":"🗣️ Doctor Name Captured: Dutchess fight."}
{"level":"info","message":"📝 Stored doctor name: Dutchess fight. for 14373185589"}
{"level":"info","message":"🗣️ Appointment Time Captured: next Friday, 5 p.m."}
{"level":"info","message":"📝 Processing appointment for Dr. Dutchess fight. with 14373185589"}
{"level":"error","message":"❌ Voice Appointment Error: username is required"}
